1 0 7109070614395248544
2 1 7109070614395248544
3 1 7109070614395248544
4 2 7109070614395248544
5 4 7109070614395248544
7 3 7109070614395248544
9 0 7109070614395248544
11 4 7109070614395248544
12 7 7109070614395248544
13 1 7109070614395248544
14 11 7109070614395248544
15 5 7109070614395248544
17 15 7109070614395248544
18 6 7109070614395248544
19 1 7109070614395248544
20 18 7109070614395248544
21 2 7109070614395248544
23 2 7109070614395248544
24 4 7109070614395248544
25 22 7109070614395248544
26 9 7109070614395248544
27 20 7109070614395248544
29 4 7109070614395248544
30 23 7109070614395248544
31 14 7109070614395248544
32 3 7109070614395248544
33 31 7109070614395248544
34 13 7109070614395248544
35 11 7109070614395248544
36 11 7109070614395248544
37 24 7109070614395248544
38 22 7109070614395248544
39 10 7109070614395248544
41 27 7109070614395248544
43 19 7109070614395248544
45 44 7109070614395248544
46 30 7109070614395248544
47 13 7109070614395248544
49 20 7109070614395248544
254